Building DAG of jobs...
Using shell: /usr/bin/bash
Provided cores: 1 (use --cores to define parallelism)
Rules claiming more threads will be scaled down.
Job stats:
job       count
------  -------
all           1
blastp      227
total       228

Select jobs to execute...

[Tue Mar 12 06:17:39 2024]
rule blastp:
    input: ../blast_info/fasta_split_1000/batch_123.fasta
    output: ../blast_info/blastp_result/batch_123.csv
    jobid: 28
    reason: Missing output files: ../blast_info/blastp_result/batch_123.csv
    wildcards: sample=batch_123
    resources: tmpdir=/tmp


        echo ../blast_info/fasta_split_1000/batch_123.fasta
        blastp -query ../blast_info/fasta_split_1000/batch_123.fasta -db /mnt/blastdb_tmpfs/nr.blastdb/nr.blastdb -out ../blast_info/blastp_result/batch_123.csv -task blastp-fast -outfmt "10 qseqid stitle sseqid pident evalue" -max_target_seqs 10 -num_threads 250
        
[Tue Mar 12 06:43:43 2024]
Finished job 28.
1 of 228 steps (0.4%) done
Select jobs to execute...

[Tue Mar 12 06:43:43 2024]
rule blastp:
    input: ../blast_info/fasta_split_1000/batch_178.fasta
    output: ../blast_info/blastp_result/batch_178.csv
    jobid: 88
    reason: Missing output files: ../blast_info/blastp_result/batch_178.csv
    wildcards: sample=batch_178
    resources: tmpdir=/tmp


        echo ../blast_info/fasta_split_1000/batch_178.fasta
        blastp -query ../blast_info/fasta_split_1000/batch_178.fasta -db /mnt/blastdb_tmpfs/nr.blastdb/nr.blastdb -out ../blast_info/blastp_result/batch_178.csv -task blastp-fast -outfmt "10 qseqid stitle sseqid pident evalue" -max_target_seqs 10 -num_threads 250
        
[Tue Mar 12 07:11:39 2024]
Finished job 88.
2 of 228 steps (1%) done
Select jobs to execute...

[Tue Mar 12 07:11:39 2024]
rule blastp:
    input: ../blast_info/fasta_split_1000/batch_27.fasta
    output: ../blast_info/blastp_result/batch_27.csv
    jobid: 148
    reason: Missing output files: ../blast_info/blastp_result/batch_27.csv
    wildcards: sample=batch_27
    resources: tmpdir=/tmp


        echo ../blast_info/fasta_split_1000/batch_27.fasta
        blastp -query ../blast_info/fasta_split_1000/batch_27.fasta -db /mnt/blastdb_tmpfs/nr.blastdb/nr.blastdb -out ../blast_info/blastp_result/batch_27.csv -task blastp-fast -outfmt "10 qseqid stitle sseqid pident evalue" -max_target_seqs 10 -num_threads 250
        
[Tue Mar 12 07:37:38 2024]
Finished job 148.
3 of 228 steps (1%) done
Select jobs to execute...

[Tue Mar 12 07:37:38 2024]
rule blastp:
    input: ../blast_info/fasta_split_1000/batch_80.fasta
    output: ../blast_info/blastp_result/batch_80.csv
    jobid: 207
    reason: Missing output files: ../blast_info/blastp_result/batch_80.csv
    wildcards: sample=batch_80
    resources: tmpdir=/tmp


        echo ../blast_info/fasta_split_1000/batch_80.fasta
        blastp -query ../blast_info/fasta_split_1000/batch_80.fasta -db /mnt/blastdb_tmpfs/nr.blastdb/nr.blastdb -out ../blast_info/blastp_result/batch_80.csv -task blastp-fast -outfmt "10 qseqid stitle sseqid pident evalue" -max_target_seqs 10 -num_threads 250
        
[Tue Mar 12 08:03:55 2024]
Finished job 207.
4 of 228 steps (2%) done
Select jobs to execute...

[Tue Mar 12 08:03:55 2024]
rule blastp:
    input: ../blast_info/fasta_split_1000/batch_81.fasta
    output: ../blast_info/blastp_result/batch_81.csv
    jobid: 208
    reason: Missing output files: ../blast_info/blastp_result/batch_81.csv
    wildcards: sample=batch_81
    resources: tmpdir=/tmp


        echo ../blast_info/fasta_split_1000/batch_81.fasta
        blastp -query ../blast_info/fasta_split_1000/batch_81.fasta -db /mnt/blastdb_tmpfs/nr.blastdb/nr.blastdb -out ../blast_info/blastp_result/batch_81.csv -task blastp-fast -outfmt "10 qseqid stitle sseqid pident evalue" -max_target_seqs 10 -num_threads 250
        
[Tue Mar 12 08:30:17 2024]
Finished job 208.
5 of 228 steps (2%) done
Select jobs to execute...

[Tue Mar 12 08:30:17 2024]
rule blastp:
    input: ../blast_info/fasta_split_1000/batch_53.fasta
    output: ../blast_info/blastp_result/batch_53.csv
    jobid: 177
    reason: Missing output files: ../blast_info/blastp_result/batch_53.csv
    wildcards: sample=batch_53
    resources: tmpdir=/tmp


        echo ../blast_info/fasta_split_1000/batch_53.fasta
        blastp -query ../blast_info/fasta_split_1000/batch_53.fasta -db /mnt/blastdb_tmpfs/nr.blastdb/nr.blastdb -out ../blast_info/blastp_result/batch_53.csv -task blastp-fast -outfmt "10 qseqid stitle sseqid pident evalue" -max_target_seqs 10 -num_threads 250
        
[Tue Mar 12 08:55:47 2024]
Finished job 177.
6 of 228 steps (3%) done
Select jobs to execute...

[Tue Mar 12 08:55:47 2024]
rule blastp:
    input: ../blast_info/fasta_split_1000/batch_150.fasta
    output: ../blast_info/blastp_result/batch_150.csv
    jobid: 58
    reason: Missing output files: ../blast_info/blastp_result/batch_150.csv
    wildcards: sample=batch_150
    resources: tmpdir=/tmp


        echo ../blast_info/fasta_split_1000/batch_150.fasta
        blastp -query ../blast_info/fasta_split_1000/batch_150.fasta -db /mnt/blastdb_tmpfs/nr.blastdb/nr.blastdb -out ../blast_info/blastp_result/batch_150.csv -task blastp-fast -outfmt "10 qseqid stitle sseqid pident evalue" -max_target_seqs 10 -num_threads 250
        
[Tue Mar 12 09:21:33 2024]
Finished job 58.
7 of 228 steps (3%) done
Select jobs to execute...

[Tue Mar 12 09:21:33 2024]
rule blastp:
    input: ../blast_info/fasta_split_1000/batch_26.fasta
    output: ../blast_info/blastp_result/batch_26.csv
    jobid: 147
    reason: Missing output files: ../blast_info/blastp_result/batch_26.csv
    wildcards: sample=batch_26
    resources: tmpdir=/tmp


        echo ../blast_info/fasta_split_1000/batch_26.fasta
        blastp -query ../blast_info/fasta_split_1000/batch_26.fasta -db /mnt/blastdb_tmpfs/nr.blastdb/nr.blastdb -out ../blast_info/blastp_result/batch_26.csv -task blastp-fast -outfmt "10 qseqid stitle sseqid pident evalue" -max_target_seqs 10 -num_threads 250
        
[Tue Mar 12 09:50:14 2024]
Finished job 147.
8 of 228 steps (4%) done
Select jobs to execute...

[Tue Mar 12 09:50:14 2024]
rule blastp:
    input: ../blast_info/fasta_split_1000/batch_204.fasta
    output: ../blast_info/blastp_result/batch_204.csv
    jobid: 118
    reason: Missing output files: ../blast_info/blastp_result/batch_204.csv
    wildcards: sample=batch_204
    resources: tmpdir=/tmp


        echo ../blast_info/fasta_split_1000/batch_204.fasta
        blastp -query ../blast_info/fasta_split_1000/batch_204.fasta -db /mnt/blastdb_tmpfs/nr.blastdb/nr.blastdb -out ../blast_info/blastp_result/batch_204.csv -task blastp-fast -outfmt "10 qseqid stitle sseqid pident evalue" -max_target_seqs 10 -num_threads 250
        
[Tue Mar 12 10:17:08 2024]
Finished job 118.
9 of 228 steps (4%) done
Select jobs to execute...

[Tue Mar 12 10:17:08 2024]
rule blastp:
    input: ../blast_info/fasta_split_1000/batch_54.fasta
    output: ../blast_info/blastp_result/batch_54.csv
    jobid: 178
    reason: Missing output files: ../blast_info/blastp_result/batch_54.csv
    wildcards: sample=batch_54
    resources: tmpdir=/tmp


        echo ../blast_info/fasta_split_1000/batch_54.fasta
        blastp -query ../blast_info/fasta_split_1000/batch_54.fasta -db /mnt/blastdb_tmpfs/nr.blastdb/nr.blastdb -out ../blast_info/blastp_result/batch_54.csv -task blastp-fast -outfmt "10 qseqid stitle sseqid pident evalue" -max_target_seqs 10 -num_threads 250
        
[Tue Mar 12 10:43:13 2024]
Finished job 178.
10 of 228 steps (4%) done
Select jobs to execute...

[Tue Mar 12 10:43:13 2024]
rule blastp:
    input: ../blast_info/fasta_split_1000/batch_124.fasta
    output: ../blast_info/blastp_result/batch_124.csv
    jobid: 29
    reason: Missing output files: ../blast_info/blastp_result/batch_124.csv
    wildcards: sample=batch_124
    resources: tmpdir=/tmp


        echo ../blast_info/fasta_split_1000/batch_124.fasta
        blastp -query ../blast_info/fasta_split_1000/batch_124.fasta -db /mnt/blastdb_tmpfs/nr.blastdb/nr.blastdb -out ../blast_info/blastp_result/batch_124.csv -task blastp-fast -outfmt "10 qseqid stitle sseqid pident evalue" -max_target_seqs 10 -num_threads 250
        
[Tue Mar 12 11:11:38 2024]
Finished job 29.
11 of 228 steps (5%) done
Select jobs to execute...

[Tue Mar 12 11:11:38 2024]
rule blastp:
    input: ../blast_info/fasta_split_1000/batch_203.fasta
    output: ../blast_info/blastp_result/batch_203.csv
    jobid: 117
    reason: Missing output files: ../blast_info/blastp_result/batch_203.csv
    wildcards: sample=batch_203
    resources: tmpdir=/tmp


        echo ../blast_info/fasta_split_1000/batch_203.fasta
        blastp -query ../blast_info/fasta_split_1000/batch_203.fasta -db /mnt/blastdb_tmpfs/nr.blastdb/nr.blastdb -out ../blast_info/blastp_result/batch_203.csv -task blastp-fast -outfmt "10 qseqid stitle sseqid pident evalue" -max_target_seqs 10 -num_threads 250
        
[Tue Mar 12 11:39:09 2024]
Finished job 117.
12 of 228 steps (5%) done
Select jobs to execute...

[Tue Mar 12 11:39:09 2024]
rule blastp:
    input: ../blast_info/fasta_split_1000/batch_179.fasta
    output: ../blast_info/blastp_result/batch_179.csv
    jobid: 89
    reason: Missing output files: ../blast_info/blastp_result/batch_179.csv
    wildcards: sample=batch_179
    resources: tmpdir=/tmp


        echo ../blast_info/fasta_split_1000/batch_179.fasta
        blastp -query ../blast_info/fasta_split_1000/batch_179.fasta -db /mnt/blastdb_tmpfs/nr.blastdb/nr.blastdb -out ../blast_info/blastp_result/batch_179.csv -task blastp-fast -outfmt "10 qseqid stitle sseqid pident evalue" -max_target_seqs 10 -num_threads 250
        
[Tue Mar 12 12:05:49 2024]
Finished job 89.
13 of 228 steps (6%) done
Select jobs to execute...

[Tue Mar 12 12:05:49 2024]
rule blastp:
    input: ../blast_info/fasta_split_1000/batch_159.fasta
    output: ../blast_info/blastp_result/batch_159.csv
    jobid: 67
    reason: Missing output files: ../blast_info/blastp_result/batch_159.csv
    wildcards: sample=batch_159
    resources: tmpdir=/tmp


        echo ../blast_info/fasta_split_1000/batch_159.fasta
        blastp -query ../blast_info/fasta_split_1000/batch_159.fasta -db /mnt/blastdb_tmpfs/nr.blastdb/nr.blastdb -out ../blast_info/blastp_result/batch_159.csv -task blastp-fast -outfmt "10 qseqid stitle sseqid pident evalue" -max_target_seqs 10 -num_threads 250
        
[Tue Mar 12 12:30:36 2024]
Finished job 67.
14 of 228 steps (6%) done
Select jobs to execute...

[Tue Mar 12 12:30:36 2024]
rule blastp:
    input: ../blast_info/fasta_split_1000/batch_212.fasta
    output: ../blast_info/blastp_result/batch_212.csv
    jobid: 127
    reason: Missing output files: ../blast_info/blastp_result/batch_212.csv
    wildcards: sample=batch_212
    resources: tmpdir=/tmp


        echo ../blast_info/fasta_split_1000/batch_212.fasta
        blastp -query ../blast_info/fasta_split_1000/batch_212.fasta -db /mnt/blastdb_tmpfs/nr.blastdb/nr.blastdb -out ../blast_info/blastp_result/batch_212.csv -task blastp-fast -outfmt "10 qseqid stitle sseqid pident evalue" -max_target_seqs 10 -num_threads 250
        
[Tue Mar 12 12:56:24 2024]
Finished job 127.
15 of 228 steps (7%) done
Select jobs to execute...

[Tue Mar 12 12:56:24 2024]
rule blastp:
    input: ../blast_info/fasta_split_1000/batch_82.fasta
    output: ../blast_info/blastp_result/batch_82.csv
    jobid: 209
    reason: Missing output files: ../blast_info/blastp_result/batch_82.csv
    wildcards: sample=batch_82
    resources: tmpdir=/tmp


        echo ../blast_info/fasta_split_1000/batch_82.fasta
        blastp -query ../blast_info/fasta_split_1000/batch_82.fasta -db /mnt/blastdb_tmpfs/nr.blastdb/nr.blastdb -out ../blast_info/blastp_result/batch_82.csv -task blastp-fast -outfmt "10 qseqid stitle sseqid pident evalue" -max_target_seqs 10 -num_threads 250
        
[Tue Mar 12 13:22:38 2024]
Finished job 209.
16 of 228 steps (7%) done
Select jobs to execute...

[Tue Mar 12 13:22:38 2024]
rule blastp:
    input: ../blast_info/fasta_split_1000/batch_151.fasta
    output: ../blast_info/blastp_result/batch_151.csv
    jobid: 59
    reason: Missing output files: ../blast_info/blastp_result/batch_151.csv
    wildcards: sample=batch_151
    resources: tmpdir=/tmp


        echo ../blast_info/fasta_split_1000/batch_151.fasta
        blastp -query ../blast_info/fasta_split_1000/batch_151.fasta -db /mnt/blastdb_tmpfs/nr.blastdb/nr.blastdb -out ../blast_info/blastp_result/batch_151.csv -task blastp-fast -outfmt "10 qseqid stitle sseqid pident evalue" -max_target_seqs 10 -num_threads 250
        
[Tue Mar 12 13:48:18 2024]
Finished job 59.
17 of 228 steps (7%) done
Select jobs to execute...

[Tue Mar 12 13:48:18 2024]
rule blastp:
    input: ../blast_info/fasta_split_1000/batch_205.fasta
    output: ../blast_info/blastp_result/batch_205.csv
    jobid: 119
    reason: Missing output files: ../blast_info/blastp_result/batch_205.csv
    wildcards: sample=batch_205
    resources: tmpdir=/tmp


        echo ../blast_info/fasta_split_1000/batch_205.fasta
        blastp -query ../blast_info/fasta_split_1000/batch_205.fasta -db /mnt/blastdb_tmpfs/nr.blastdb/nr.blastdb -out ../blast_info/blastp_result/batch_205.csv -task blastp-fast -outfmt "10 qseqid stitle sseqid pident evalue" -max_target_seqs 10 -num_threads 250
        
[Tue Mar 12 14:16:45 2024]
Finished job 119.
18 of 228 steps (8%) done
Select jobs to execute...

[Tue Mar 12 14:16:45 2024]
rule blastp:
    input: ../blast_info/fasta_split_1000/batch_55.fasta
    output: ../blast_info/blastp_result/batch_55.csv
    jobid: 179
    reason: Missing output files: ../blast_info/blastp_result/batch_55.csv
    wildcards: sample=batch_55
    resources: tmpdir=/tmp


        echo ../blast_info/fasta_split_1000/batch_55.fasta
        blastp -query ../blast_info/fasta_split_1000/batch_55.fasta -db /mnt/blastdb_tmpfs/nr.blastdb/nr.blastdb -out ../blast_info/blastp_result/batch_55.csv -task blastp-fast -outfmt "10 qseqid stitle sseqid pident evalue" -max_target_seqs 10 -num_threads 250
        
[Tue Mar 12 14:42:10 2024]
Finished job 179.
19 of 228 steps (8%) done
Select jobs to execute...

[Tue Mar 12 14:42:10 2024]
rule blastp:
    input: ../blast_info/fasta_split_1000/batch_28.fasta
    output: ../blast_info/blastp_result/batch_28.csv
    jobid: 149
    reason: Missing output files: ../blast_info/blastp_result/batch_28.csv
    wildcards: sample=batch_28
    resources: tmpdir=/tmp


        echo ../blast_info/fasta_split_1000/batch_28.fasta
        blastp -query ../blast_info/fasta_split_1000/batch_28.fasta -db /mnt/blastdb_tmpfs/nr.blastdb/nr.blastdb -out ../blast_info/blastp_result/batch_28.csv -task blastp-fast -outfmt "10 qseqid stitle sseqid pident evalue" -max_target_seqs 10 -num_threads 250
        
[Tue Mar 12 15:09:27 2024]
Finished job 149.
20 of 228 steps (9%) done
Select jobs to execute...

[Tue Mar 12 15:09:27 2024]
rule blastp:
    input: ../blast_info/fasta_split_1000/batch_125.fasta
    output: ../blast_info/blastp_result/batch_125.csv
    jobid: 30
    reason: Missing output files: ../blast_info/blastp_result/batch_125.csv
    wildcards: sample=batch_125
    resources: tmpdir=/tmp


        echo ../blast_info/fasta_split_1000/batch_125.fasta
        blastp -query ../blast_info/fasta_split_1000/batch_125.fasta -db /mnt/blastdb_tmpfs/nr.blastdb/nr.blastdb -out ../blast_info/blastp_result/batch_125.csv -task blastp-fast -outfmt "10 qseqid stitle sseqid pident evalue" -max_target_seqs 10 -num_threads 250
        
[Tue Mar 12 15:36:39 2024]
Finished job 30.
21 of 228 steps (9%) done
Select jobs to execute...

[Tue Mar 12 15:36:39 2024]
rule blastp:
    input: ../blast_info/fasta_split_1000/batch_15.fasta
    output: ../blast_info/blastp_result/batch_15.csv
    jobid: 57
    reason: Missing output files: ../blast_info/blastp_result/batch_15.csv
    wildcards: sample=batch_15
    resources: tmpdir=/tmp


        echo ../blast_info/fasta_split_1000/batch_15.fasta
        blastp -query ../blast_info/fasta_split_1000/batch_15.fasta -db /mnt/blastdb_tmpfs/nr.blastdb/nr.blastdb -out ../blast_info/blastp_result/batch_15.csv -task blastp-fast -outfmt "10 qseqid stitle sseqid pident evalue" -max_target_seqs 10 -num_threads 250
        
[Tue Mar 12 16:03:08 2024]
Finished job 57.
22 of 228 steps (10%) done
Select jobs to execute...

[Tue Mar 12 16:03:08 2024]
rule blastp:
    input: ../blast_info/fasta_split_1000/batch_18.fasta
    output: ../blast_info/blastp_result/batch_18.csv
    jobid: 90
    reason: Missing output files: ../blast_info/blastp_result/batch_18.csv
    wildcards: sample=batch_18
    resources: tmpdir=/tmp


        echo ../blast_info/fasta_split_1000/batch_18.fasta
        blastp -query ../blast_info/fasta_split_1000/batch_18.fasta -db /mnt/blastdb_tmpfs/nr.blastdb/nr.blastdb -out ../blast_info/blastp_result/batch_18.csv -task blastp-fast -outfmt "10 qseqid stitle sseqid pident evalue" -max_target_seqs 10 -num_threads 250
        
[Tue Mar 12 16:29:36 2024]
Finished job 90.
23 of 228 steps (10%) done
Select jobs to execute...

[Tue Mar 12 16:29:36 2024]
rule blastp:
    input: ../blast_info/fasta_split_1000/batch_177.fasta
    output: ../blast_info/blastp_result/batch_177.csv
    jobid: 87
    reason: Missing output files: ../blast_info/blastp_result/batch_177.csv
    wildcards: sample=batch_177
    resources: tmpdir=/tmp


        echo ../blast_info/fasta_split_1000/batch_177.fasta
        blastp -query ../blast_info/fasta_split_1000/batch_177.fasta -db /mnt/blastdb_tmpfs/nr.blastdb/nr.blastdb -out ../blast_info/blastp_result/batch_177.csv -task blastp-fast -outfmt "10 qseqid stitle sseqid pident evalue" -max_target_seqs 10 -num_threads 250
        
[Tue Mar 12 16:56:28 2024]
Finished job 87.
24 of 228 steps (11%) done
Select jobs to execute...

[Tue Mar 12 16:56:28 2024]
rule blastp:
    input: ../blast_info/fasta_split_1000/batch_29.fasta
    output: ../blast_info/blastp_result/batch_29.csv
    jobid: 150
    reason: Missing output files: ../blast_info/blastp_result/batch_29.csv
    wildcards: sample=batch_29
    resources: tmpdir=/tmp


        echo ../blast_info/fasta_split_1000/batch_29.fasta
        blastp -query ../blast_info/fasta_split_1000/batch_29.fasta -db /mnt/blastdb_tmpfs/nr.blastdb/nr.blastdb -out ../blast_info/blastp_result/batch_29.csv -task blastp-fast -outfmt "10 qseqid stitle sseqid pident evalue" -max_target_seqs 10 -num_threads 250
        
[Tue Mar 12 17:23:04 2024]
Finished job 150.
25 of 228 steps (11%) done
Select jobs to execute...

[Tue Mar 12 17:23:04 2024]
rule blastp:
    input: ../blast_info/fasta_split_1000/batch_83.fasta
    output: ../blast_info/blastp_result/batch_83.csv
    jobid: 210
    reason: Missing output files: ../blast_info/blastp_result/batch_83.csv
    wildcards: sample=batch_83
    resources: tmpdir=/tmp


        echo ../blast_info/fasta_split_1000/batch_83.fasta
        blastp -query ../blast_info/fasta_split_1000/batch_83.fasta -db /mnt/blastdb_tmpfs/nr.blastdb/nr.blastdb -out ../blast_info/blastp_result/batch_83.csv -task blastp-fast -outfmt "10 qseqid stitle sseqid pident evalue" -max_target_seqs 10 -num_threads 250
        
[Tue Mar 12 17:50:11 2024]
Finished job 210.
26 of 228 steps (11%) done
Select jobs to execute...

[Tue Mar 12 17:50:11 2024]
rule blastp:
    input: ../blast_info/fasta_split_1000/batch_152.fasta
    output: ../blast_info/blastp_result/batch_152.csv
    jobid: 60
    reason: Missing output files: ../blast_info/blastp_result/batch_152.csv
    wildcards: sample=batch_152
    resources: tmpdir=/tmp


        echo ../blast_info/fasta_split_1000/batch_152.fasta
        blastp -query ../blast_info/fasta_split_1000/batch_152.fasta -db /mnt/blastdb_tmpfs/nr.blastdb/nr.blastdb -out ../blast_info/blastp_result/batch_152.csv -task blastp-fast -outfmt "10 qseqid stitle sseqid pident evalue" -max_target_seqs 10 -num_threads 250
        
[Tue Mar 12 18:17:20 2024]
Finished job 60.
27 of 228 steps (12%) done
Select jobs to execute...

[Tue Mar 12 18:17:20 2024]
rule blastp:
    input: ../blast_info/fasta_split_1000/batch_122.fasta
    output: ../blast_info/blastp_result/batch_122.csv
    jobid: 27
    reason: Missing output files: ../blast_info/blastp_result/batch_122.csv
    wildcards: sample=batch_122
    resources: tmpdir=/tmp


        echo ../blast_info/fasta_split_1000/batch_122.fasta
        blastp -query ../blast_info/fasta_split_1000/batch_122.fasta -db /mnt/blastdb_tmpfs/nr.blastdb/nr.blastdb -out ../blast_info/blastp_result/batch_122.csv -task blastp-fast -outfmt "10 qseqid stitle sseqid pident evalue" -max_target_seqs 10 -num_threads 250
        
[Tue Mar 12 18:43:57 2024]
Finished job 27.
28 of 228 steps (12%) done
Select jobs to execute...

[Tue Mar 12 18:43:57 2024]
rule blastp:
    input: ../blast_info/fasta_split_1000/batch_206.fasta
    output: ../blast_info/blastp_result/batch_206.csv
    jobid: 120
    reason: Missing output files: ../blast_info/blastp_result/batch_206.csv
    wildcards: sample=batch_206
    resources: tmpdir=/tmp


        echo ../blast_info/fasta_split_1000/batch_206.fasta
        blastp -query ../blast_info/fasta_split_1000/batch_206.fasta -db /mnt/blastdb_tmpfs/nr.blastdb/nr.blastdb -out ../blast_info/blastp_result/batch_206.csv -task blastp-fast -outfmt "10 qseqid stitle sseqid pident evalue" -max_target_seqs 10 -num_threads 250
        
[Tue Mar 12 19:09:41 2024]
Finished job 120.
29 of 228 steps (13%) done
Select jobs to execute...

[Tue Mar 12 19:09:41 2024]
rule blastp:
    input: ../blast_info/fasta_split_1000/batch_8.fasta
    output: ../blast_info/blastp_result/batch_8.csv
    jobid: 206
    reason: Missing output files: ../blast_info/blastp_result/batch_8.csv
    wildcards: sample=batch_8
    resources: tmpdir=/tmp


        echo ../blast_info/fasta_split_1000/batch_8.fasta
        blastp -query ../blast_info/fasta_split_1000/batch_8.fasta -db /mnt/blastdb_tmpfs/nr.blastdb/nr.blastdb -out ../blast_info/blastp_result/batch_8.csv -task blastp-fast -outfmt "10 qseqid stitle sseqid pident evalue" -max_target_seqs 10 -num_threads 250
        
[Tue Mar 12 19:35:49 2024]
Finished job 206.
30 of 228 steps (13%) done
Select jobs to execute...

[Tue Mar 12 19:35:49 2024]
rule blastp:
    input: ../blast_info/fasta_split_1000/batch_56.fasta
    output: ../blast_info/blastp_result/batch_56.csv
    jobid: 180
    reason: Missing output files: ../blast_info/blastp_result/batch_56.csv
    wildcards: sample=batch_56
    resources: tmpdir=/tmp


        echo ../blast_info/fasta_split_1000/batch_56.fasta
        blastp -query ../blast_info/fasta_split_1000/batch_56.fasta -db /mnt/blastdb_tmpfs/nr.blastdb/nr.blastdb -out ../blast_info/blastp_result/batch_56.csv -task blastp-fast -outfmt "10 qseqid stitle sseqid pident evalue" -max_target_seqs 10 -num_threads 250
        
[Tue Mar 12 20:01:58 2024]
Finished job 180.
31 of 228 steps (14%) done
Select jobs to execute...

[Tue Mar 12 20:01:58 2024]
rule blastp:
    input: ../blast_info/fasta_split_1000/batch_52.fasta
    output: ../blast_info/blastp_result/batch_52.csv
    jobid: 176
    reason: Missing output files: ../blast_info/blastp_result/batch_52.csv
    wildcards: sample=batch_52
    resources: tmpdir=/tmp


        echo ../blast_info/fasta_split_1000/batch_52.fasta
        blastp -query ../blast_info/fasta_split_1000/batch_52.fasta -db /mnt/blastdb_tmpfs/nr.blastdb/nr.blastdb -out ../blast_info/blastp_result/batch_52.csv -task blastp-fast -outfmt "10 qseqid stitle sseqid pident evalue" -max_target_seqs 10 -num_threads 250
        
[Tue Mar 12 20:27:59 2024]
Finished job 176.
32 of 228 steps (14%) done
Select jobs to execute...

[Tue Mar 12 20:27:59 2024]
rule blastp:
    input: ../blast_info/fasta_split_1000/batch_126.fasta
    output: ../blast_info/blastp_result/batch_126.csv
    jobid: 31
    reason: Missing output files: ../blast_info/blastp_result/batch_126.csv
    wildcards: sample=batch_126
    resources: tmpdir=/tmp


        echo ../blast_info/fasta_split_1000/batch_126.fasta
        blastp -query ../blast_info/fasta_split_1000/batch_126.fasta -db /mnt/blastdb_tmpfs/nr.blastdb/nr.blastdb -out ../blast_info/blastp_result/batch_126.csv -task blastp-fast -outfmt "10 qseqid stitle sseqid pident evalue" -max_target_seqs 10 -num_threads 250
        
[Tue Mar 12 20:53:35 2024]
Finished job 31.
33 of 228 steps (14%) done
Select jobs to execute...

[Tue Mar 12 20:53:35 2024]
rule blastp:
    input: ../blast_info/fasta_split_1000/batch_180.fasta
    output: ../blast_info/blastp_result/batch_180.csv
    jobid: 91
    reason: Missing output files: ../blast_info/blastp_result/batch_180.csv
    wildcards: sample=batch_180
    resources: tmpdir=/tmp


        echo ../blast_info/fasta_split_1000/batch_180.fasta
        blastp -query ../blast_info/fasta_split_1000/batch_180.fasta -db /mnt/blastdb_tmpfs/nr.blastdb/nr.blastdb -out ../blast_info/blastp_result/batch_180.csv -task blastp-fast -outfmt "10 qseqid stitle sseqid pident evalue" -max_target_seqs 10 -num_threads 250
        
[Tue Mar 12 21:19:58 2024]
Finished job 91.
34 of 228 steps (15%) done
Select jobs to execute...

[Tue Mar 12 21:19:58 2024]
rule blastp:
    input: ../blast_info/fasta_split_1000/batch_3.fasta
    output: ../blast_info/blastp_result/batch_3.csv
    jobid: 151
    reason: Missing output files: ../blast_info/blastp_result/batch_3.csv
    wildcards: sample=batch_3
    resources: tmpdir=/tmp


        echo ../blast_info/fasta_split_1000/batch_3.fasta
        blastp -query ../blast_info/fasta_split_1000/batch_3.fasta -db /mnt/blastdb_tmpfs/nr.blastdb/nr.blastdb -out ../blast_info/blastp_result/batch_3.csv -task blastp-fast -outfmt "10 qseqid stitle sseqid pident evalue" -max_target_seqs 10 -num_threads 250
        
[Tue Mar 12 21:46:08 2024]
Finished job 151.
35 of 228 steps (15%) done
Select jobs to execute...

[Tue Mar 12 21:46:08 2024]
rule blastp:
    input: ../blast_info/fasta_split_1000/batch_25.fasta
    output: ../blast_info/blastp_result/batch_25.csv
    jobid: 146
    reason: Missing output files: ../blast_info/blastp_result/batch_25.csv
    wildcards: sample=batch_25
    resources: tmpdir=/tmp


        echo ../blast_info/fasta_split_1000/batch_25.fasta
        blastp -query ../blast_info/fasta_split_1000/batch_25.fasta -db /mnt/blastdb_tmpfs/nr.blastdb/nr.blastdb -out ../blast_info/blastp_result/batch_25.csv -task blastp-fast -outfmt "10 qseqid stitle sseqid pident evalue" -max_target_seqs 10 -num_threads 250
        
[Tue Mar 12 22:12:50 2024]
Finished job 146.
36 of 228 steps (16%) done
Select jobs to execute...

[Tue Mar 12 22:12:50 2024]
rule blastp:
    input: ../blast_info/fasta_split_1000/batch_84.fasta
    output: ../blast_info/blastp_result/batch_84.csv
    jobid: 211
    reason: Missing output files: ../blast_info/blastp_result/batch_84.csv
    wildcards: sample=batch_84
    resources: tmpdir=/tmp


        echo ../blast_info/fasta_split_1000/batch_84.fasta
        blastp -query ../blast_info/fasta_split_1000/batch_84.fasta -db /mnt/blastdb_tmpfs/nr.blastdb/nr.blastdb -out ../blast_info/blastp_result/batch_84.csv -task blastp-fast -outfmt "10 qseqid stitle sseqid pident evalue" -max_target_seqs 10 -num_threads 250
        
[Tue Mar 12 22:39:33 2024]
Finished job 211.
37 of 228 steps (16%) done
Select jobs to execute...

[Tue Mar 12 22:39:33 2024]
rule blastp:
    input: ../blast_info/fasta_split_1000/batch_202.fasta
    output: ../blast_info/blastp_result/batch_202.csv
    jobid: 116
    reason: Missing output files: ../blast_info/blastp_result/batch_202.csv
    wildcards: sample=batch_202
    resources: tmpdir=/tmp


        echo ../blast_info/fasta_split_1000/batch_202.fasta
        blastp -query ../blast_info/fasta_split_1000/batch_202.fasta -db /mnt/blastdb_tmpfs/nr.blastdb/nr.blastdb -out ../blast_info/blastp_result/batch_202.csv -task blastp-fast -outfmt "10 qseqid stitle sseqid pident evalue" -max_target_seqs 10 -num_threads 250
        
[Tue Mar 12 23:06:37 2024]
Finished job 116.
38 of 228 steps (17%) done
Select jobs to execute...

[Tue Mar 12 23:06:37 2024]
rule blastp:
    input: ../blast_info/fasta_split_1000/batch_10.fasta
    output: ../blast_info/blastp_result/batch_10.csv
    jobid: 2
    reason: Missing output files: ../blast_info/blastp_result/batch_10.csv
    wildcards: sample=batch_10
    resources: tmpdir=/tmp


        echo ../blast_info/fasta_split_1000/batch_10.fasta
        blastp -query ../blast_info/fasta_split_1000/batch_10.fasta -db /mnt/blastdb_tmpfs/nr.blastdb/nr.blastdb -out ../blast_info/blastp_result/batch_10.csv -task blastp-fast -outfmt "10 qseqid stitle sseqid pident evalue" -max_target_seqs 10 -num_threads 250
        
[Tue Mar 12 23:33:02 2024]
Finished job 2.
39 of 228 steps (17%) done
Select jobs to execute...

[Tue Mar 12 23:33:03 2024]
rule blastp:
    input: ../blast_info/fasta_split_1000/batch_149.fasta
    output: ../blast_info/blastp_result/batch_149.csv
    jobid: 56
    reason: Missing output files: ../blast_info/blastp_result/batch_149.csv
    wildcards: sample=batch_149
    resources: tmpdir=/tmp


        echo ../blast_info/fasta_split_1000/batch_149.fasta
        blastp -query ../blast_info/fasta_split_1000/batch_149.fasta -db /mnt/blastdb_tmpfs/nr.blastdb/nr.blastdb -out ../blast_info/blastp_result/batch_149.csv -task blastp-fast -outfmt "10 qseqid stitle sseqid pident evalue" -max_target_seqs 10 -num_threads 250
        
[Wed Mar 13 00:00:20 2024]
Finished job 56.
40 of 228 steps (18%) done
Select jobs to execute...

[Wed Mar 13 00:00:20 2024]
rule blastp:
    input: ../blast_info/fasta_split_1000/batch_153.fasta
    output: ../blast_info/blastp_result/batch_153.csv
    jobid: 61
    reason: Missing output files: ../blast_info/blastp_result/batch_153.csv
    wildcards: sample=batch_153
    resources: tmpdir=/tmp


        echo ../blast_info/fasta_split_1000/batch_153.fasta
        blastp -query ../blast_info/fasta_split_1000/batch_153.fasta -db /mnt/blastdb_tmpfs/nr.blastdb/nr.blastdb -out ../blast_info/blastp_result/batch_153.csv -task blastp-fast -outfmt "10 qseqid stitle sseqid pident evalue" -max_target_seqs 10 -num_threads 250
        
[Wed Mar 13 00:27:06 2024]
Finished job 61.
41 of 228 steps (18%) done
Select jobs to execute...

[Wed Mar 13 00:27:06 2024]
rule blastp:
    input: ../blast_info/fasta_split_1000/batch_207.fasta
    output: ../blast_info/blastp_result/batch_207.csv
    jobid: 121
    reason: Missing output files: ../blast_info/blastp_result/batch_207.csv
    wildcards: sample=batch_207
    resources: tmpdir=/tmp


        echo ../blast_info/fasta_split_1000/batch_207.fasta
        blastp -query ../blast_info/fasta_split_1000/batch_207.fasta -db /mnt/blastdb_tmpfs/nr.blastdb/nr.blastdb -out ../blast_info/blastp_result/batch_207.csv -task blastp-fast -outfmt "10 qseqid stitle sseqid pident evalue" -max_target_seqs 10 -num_threads 250
        
[Wed Mar 13 00:55:25 2024]
Finished job 121.
42 of 228 steps (18%) done
Select jobs to execute...

[Wed Mar 13 00:55:25 2024]
rule blastp:
    input: ../blast_info/fasta_split_1000/batch_57.fasta
    output: ../blast_info/blastp_result/batch_57.csv
    jobid: 181
    reason: Missing output files: ../blast_info/blastp_result/batch_57.csv
    wildcards: sample=batch_57
    resources: tmpdir=/tmp


        echo ../blast_info/fasta_split_1000/batch_57.fasta
        blastp -query ../blast_info/fasta_split_1000/batch_57.fasta -db /mnt/blastdb_tmpfs/nr.blastdb/nr.blastdb -out ../blast_info/blastp_result/batch_57.csv -task blastp-fast -outfmt "10 qseqid stitle sseqid pident evalue" -max_target_seqs 10 -num_threads 250
        
[Wed Mar 13 01:22:16 2024]
Finished job 181.
43 of 228 steps (19%) done
Select jobs to execute...

[Wed Mar 13 01:22:16 2024]
rule blastp:
    input: ../blast_info/fasta_split_1000/batch_104.fasta
    output: ../blast_info/blastp_result/batch_104.csv
    jobid: 7
    reason: Missing output files: ../blast_info/blastp_result/batch_104.csv
    wildcards: sample=batch_104
    resources: tmpdir=/tmp


        echo ../blast_info/fasta_split_1000/batch_104.fasta
        blastp -query ../blast_info/fasta_split_1000/batch_104.fasta -db /mnt/blastdb_tmpfs/nr.blastdb/nr.blastdb -out ../blast_info/blastp_result/batch_104.csv -task blastp-fast -outfmt "10 qseqid stitle sseqid pident evalue" -max_target_seqs 10 -num_threads 250
        
[Wed Mar 13 01:48:47 2024]
Finished job 7.
44 of 228 steps (19%) done
Select jobs to execute...

[Wed Mar 13 01:48:47 2024]
rule blastp:
    input: ../blast_info/fasta_split_1000/batch_62.fasta
    output: ../blast_info/blastp_result/batch_62.csv
    jobid: 187
    reason: Missing output files: ../blast_info/blastp_result/batch_62.csv
    wildcards: sample=batch_62
    resources: tmpdir=/tmp


        echo ../blast_info/fasta_split_1000/batch_62.fasta
        blastp -query ../blast_info/fasta_split_1000/batch_62.fasta -db /mnt/blastdb_tmpfs/nr.blastdb/nr.blastdb -out ../blast_info/blastp_result/batch_62.csv -task blastp-fast -outfmt "10 qseqid stitle sseqid pident evalue" -max_target_seqs 10 -num_threads 250
        
[Wed Mar 13 02:14:21 2024]
Finished job 187.
45 of 228 steps (20%) done
Select jobs to execute...

[Wed Mar 13 02:14:22 2024]
rule blastp:
    input: ../blast_info/fasta_split_1000/batch_181.fasta
    output: ../blast_info/blastp_result/batch_181.csv
    jobid: 92
    reason: Missing output files: ../blast_info/blastp_result/batch_181.csv
    wildcards: sample=batch_181
    resources: tmpdir=/tmp


        echo ../blast_info/fasta_split_1000/batch_181.fasta
        blastp -query ../blast_info/fasta_split_1000/batch_181.fasta -db /mnt/blastdb_tmpfs/nr.blastdb/nr.blastdb -out ../blast_info/blastp_result/batch_181.csv -task blastp-fast -outfmt "10 qseqid stitle sseqid pident evalue" -max_target_seqs 10 -num_threads 250
        
[Wed Mar 13 02:40:03 2024]
Finished job 92.
46 of 228 steps (20%) done
Select jobs to execute...

[Wed Mar 13 02:40:03 2024]
rule blastp:
    input: ../blast_info/fasta_split_1000/batch_30.fasta
    output: ../blast_info/blastp_result/batch_30.csv
    jobid: 152
    reason: Missing output files: ../blast_info/blastp_result/batch_30.csv
    wildcards: sample=batch_30
    resources: tmpdir=/tmp


        echo ../blast_info/fasta_split_1000/batch_30.fasta
        blastp -query ../blast_info/fasta_split_1000/batch_30.fasta -db /mnt/blastdb_tmpfs/nr.blastdb/nr.blastdb -out ../blast_info/blastp_result/batch_30.csv -task blastp-fast -outfmt "10 qseqid stitle sseqid pident evalue" -max_target_seqs 10 -num_threads 250
        
[Wed Mar 13 03:05:54 2024]
Finished job 152.
47 of 228 steps (21%) done
Select jobs to execute...

[Wed Mar 13 03:05:54 2024]
rule blastp:
    input: ../blast_info/fasta_split_1000/batch_127.fasta
    output: ../blast_info/blastp_result/batch_127.csv
    jobid: 32
    reason: Missing output files: ../blast_info/blastp_result/batch_127.csv
    wildcards: sample=batch_127
    resources: tmpdir=/tmp


        echo ../blast_info/fasta_split_1000/batch_127.fasta
        blastp -query ../blast_info/fasta_split_1000/batch_127.fasta -db /mnt/blastdb_tmpfs/nr.blastdb/nr.blastdb -out ../blast_info/blastp_result/batch_127.csv -task blastp-fast -outfmt "10 qseqid stitle sseqid pident evalue" -max_target_seqs 10 -num_threads 250
        
[Wed Mar 13 03:32:50 2024]
Finished job 32.
48 of 228 steps (21%) done
Select jobs to execute...

[Wed Mar 13 03:32:50 2024]
rule blastp:
    input: ../blast_info/fasta_split_1000/batch_85.fasta
    output: ../blast_info/blastp_result/batch_85.csv
    jobid: 212
    reason: Missing output files: ../blast_info/blastp_result/batch_85.csv
    wildcards: sample=batch_85
    resources: tmpdir=/tmp


        echo ../blast_info/fasta_split_1000/batch_85.fasta
        blastp -query ../blast_info/fasta_split_1000/batch_85.fasta -db /mnt/blastdb_tmpfs/nr.blastdb/nr.blastdb -out ../blast_info/blastp_result/batch_85.csv -task blastp-fast -outfmt "10 qseqid stitle sseqid pident evalue" -max_target_seqs 10 -num_threads 250
        
[Wed Mar 13 03:58:59 2024]
Finished job 212.
49 of 228 steps (21%) done
Select jobs to execute...

[Wed Mar 13 03:58:59 2024]
rule blastp:
    input: ../blast_info/fasta_split_1000/batch_1.fasta
    output: ../blast_info/blastp_result/batch_1.csv
    jobid: 1
    reason: Missing output files: ../blast_info/blastp_result/batch_1.csv
    wildcards: sample=batch_1
    resources: tmpdir=/tmp


        echo ../blast_info/fasta_split_1000/batch_1.fasta
        blastp -query ../blast_info/fasta_split_1000/batch_1.fasta -db /mnt/blastdb_tmpfs/nr.blastdb/nr.blastdb -out ../blast_info/blastp_result/batch_1.csv -task blastp-fast -outfmt "10 qseqid stitle sseqid pident evalue" -max_target_seqs 10 -num_threads 250
        
[Wed Mar 13 04:26:53 2024]
Finished job 1.
50 of 228 steps (22%) done
Select jobs to execute...

[Wed Mar 13 04:26:53 2024]
rule blastp:
    input: ../blast_info/fasta_split_1000/batch_154.fasta
    output: ../blast_info/blastp_result/batch_154.csv
    jobid: 62
    reason: Missing output files: ../blast_info/blastp_result/batch_154.csv
    wildcards: sample=batch_154
    resources: tmpdir=/tmp


        echo ../blast_info/fasta_split_1000/batch_154.fasta
        blastp -query ../blast_info/fasta_split_1000/batch_154.fasta -db /mnt/blastdb_tmpfs/nr.blastdb/nr.blastdb -out ../blast_info/blastp_result/batch_154.csv -task blastp-fast -outfmt "10 qseqid stitle sseqid pident evalue" -max_target_seqs 10 -num_threads 250
        
[Wed Mar 13 04:54:36 2024]
Finished job 62.
51 of 228 steps (22%) done
Select jobs to execute...

[Wed Mar 13 04:54:36 2024]
rule blastp:
    input: ../blast_info/fasta_split_1000/batch_176.fasta
    output: ../blast_info/blastp_result/batch_176.csv
    jobid: 86
    reason: Missing output files: ../blast_info/blastp_result/batch_176.csv
    wildcards: sample=batch_176
    resources: tmpdir=/tmp


        echo ../blast_info/fasta_split_1000/batch_176.fasta
        blastp -query ../blast_info/fasta_split_1000/batch_176.fasta -db /mnt/blastdb_tmpfs/nr.blastdb/nr.blastdb -out ../blast_info/blastp_result/batch_176.csv -task blastp-fast -outfmt "10 qseqid stitle sseqid pident evalue" -max_target_seqs 10 -num_threads 250
        
[Wed Mar 13 05:20:54 2024]
Finished job 86.
52 of 228 steps (23%) done
Select jobs to execute...

[Wed Mar 13 05:20:54 2024]
rule blastp:
    input: ../blast_info/fasta_split_1000/batch_208.fasta
    output: ../blast_info/blastp_result/batch_208.csv
    jobid: 122
    reason: Missing output files: ../blast_info/blastp_result/batch_208.csv
    wildcards: sample=batch_208
    resources: tmpdir=/tmp


        echo ../blast_info/fasta_split_1000/batch_208.fasta
        blastp -query ../blast_info/fasta_split_1000/batch_208.fasta -db /mnt/blastdb_tmpfs/nr.blastdb/nr.blastdb -out ../blast_info/blastp_result/batch_208.csv -task blastp-fast -outfmt "10 qseqid stitle sseqid pident evalue" -max_target_seqs 10 -num_threads 250
        
[Wed Mar 13 05:46:39 2024]
Finished job 122.
53 of 228 steps (23%) done
Select jobs to execute...

[Wed Mar 13 05:46:39 2024]
rule blastp:
    input: ../blast_info/fasta_split_1000/batch_121.fasta
    output: ../blast_info/blastp_result/batch_121.csv
    jobid: 26
    reason: Missing output files: ../blast_info/blastp_result/batch_121.csv
    wildcards: sample=batch_121
    resources: tmpdir=/tmp


        echo ../blast_info/fasta_split_1000/batch_121.fasta
        blastp -query ../blast_info/fasta_split_1000/batch_121.fasta -db /mnt/blastdb_tmpfs/nr.blastdb/nr.blastdb -out ../blast_info/blastp_result/batch_121.csv -task blastp-fast -outfmt "10 qseqid stitle sseqid pident evalue" -max_target_seqs 10 -num_threads 250
        
[Wed Mar 13 06:13:21 2024]
Finished job 26.
54 of 228 steps (24%) done
Select jobs to execute...

[Wed Mar 13 06:13:21 2024]
rule blastp:
    input: ../blast_info/fasta_split_1000/batch_58.fasta
    output: ../blast_info/blastp_result/batch_58.csv
    jobid: 182
    reason: Missing output files: ../blast_info/blastp_result/batch_58.csv
    wildcards: sample=batch_58
    resources: tmpdir=/tmp


        echo ../blast_info/fasta_split_1000/batch_58.fasta
        blastp -query ../blast_info/fasta_split_1000/batch_58.fasta -db /mnt/blastdb_tmpfs/nr.blastdb/nr.blastdb -out ../blast_info/blastp_result/batch_58.csv -task blastp-fast -outfmt "10 qseqid stitle sseqid pident evalue" -max_target_seqs 10 -num_threads 250
        
[Wed Mar 13 06:40:14 2024]
Finished job 182.
55 of 228 steps (24%) done
Select jobs to execute...

[Wed Mar 13 06:40:14 2024]
rule blastp:
    input: ../blast_info/fasta_split_1000/batch_79.fasta
    output: ../blast_info/blastp_result/batch_79.csv
    jobid: 205
    reason: Missing output files: ../blast_info/blastp_result/batch_79.csv
    wildcards: sample=batch_79
    resources: tmpdir=/tmp


        echo ../blast_info/fasta_split_1000/batch_79.fasta
        blastp -query ../blast_info/fasta_split_1000/batch_79.fasta -db /mnt/blastdb_tmpfs/nr.blastdb/nr.blastdb -out ../blast_info/blastp_result/batch_79.csv -task blastp-fast -outfmt "10 qseqid stitle sseqid pident evalue" -max_target_seqs 10 -num_threads 250
        
[Wed Mar 13 07:07:11 2024]
Finished job 205.
56 of 228 steps (25%) done
Select jobs to execute...

[Wed Mar 13 07:07:11 2024]
rule blastp:
    input: ../blast_info/fasta_split_1000/batch_128.fasta
    output: ../blast_info/blastp_result/batch_128.csv
    jobid: 33
    reason: Missing output files: ../blast_info/blastp_result/batch_128.csv
    wildcards: sample=batch_128
    resources: tmpdir=/tmp


        echo ../blast_info/fasta_split_1000/batch_128.fasta
        blastp -query ../blast_info/fasta_split_1000/batch_128.fasta -db /mnt/blastdb_tmpfs/nr.blastdb/nr.blastdb -out ../blast_info/blastp_result/batch_128.csv -task blastp-fast -outfmt "10 qseqid stitle sseqid pident evalue" -max_target_seqs 10 -num_threads 250
        
[Wed Mar 13 07:32:15 2024]
Finished job 33.
57 of 228 steps (25%) done
Select jobs to execute...

[Wed Mar 13 07:32:15 2024]
rule blastp:
    input: ../blast_info/fasta_split_1000/batch_182.fasta
    output: ../blast_info/blastp_result/batch_182.csv
    jobid: 93
    reason: Missing output files: ../blast_info/blastp_result/batch_182.csv
    wildcards: sample=batch_182
    resources: tmpdir=/tmp


        echo ../blast_info/fasta_split_1000/batch_182.fasta
        blastp -query ../blast_info/fasta_split_1000/batch_182.fasta -db /mnt/blastdb_tmpfs/nr.blastdb/nr.blastdb -out ../blast_info/blastp_result/batch_182.csv -task blastp-fast -outfmt "10 qseqid stitle sseqid pident evalue" -max_target_seqs 10 -num_threads 250
        
[Wed Mar 13 07:58:12 2024]
Finished job 93.
58 of 228 steps (25%) done
Select jobs to execute...

[Wed Mar 13 07:58:13 2024]
rule blastp:
    input: ../blast_info/fasta_split_1000/batch_31.fasta
    output: ../blast_info/blastp_result/batch_31.csv
    jobid: 153
    reason: Missing output files: ../blast_info/blastp_result/batch_31.csv
    wildcards: sample=batch_31
    resources: tmpdir=/tmp


        echo ../blast_info/fasta_split_1000/batch_31.fasta
        blastp -query ../blast_info/fasta_split_1000/batch_31.fasta -db /mnt/blastdb_tmpfs/nr.blastdb/nr.blastdb -out ../blast_info/blastp_result/batch_31.csv -task blastp-fast -outfmt "10 qseqid stitle sseqid pident evalue" -max_target_seqs 10 -num_threads 250
        
[Wed Mar 13 08:23:56 2024]
Finished job 153.
59 of 228 steps (26%) done
Select jobs to execute...

[Wed Mar 13 08:23:56 2024]
rule blastp:
    input: ../blast_info/fasta_split_1000/batch_51.fasta
    output: ../blast_info/blastp_result/batch_51.csv
    jobid: 175
    reason: Missing output files: ../blast_info/blastp_result/batch_51.csv
    wildcards: sample=batch_51
    resources: tmpdir=/tmp


        echo ../blast_info/fasta_split_1000/batch_51.fasta
        blastp -query ../blast_info/fasta_split_1000/batch_51.fasta -db /mnt/blastdb_tmpfs/nr.blastdb/nr.blastdb -out ../blast_info/blastp_result/batch_51.csv -task blastp-fast -outfmt "10 qseqid stitle sseqid pident evalue" -max_target_seqs 10 -num_threads 250
        
[Wed Mar 13 08:49:55 2024]
Finished job 175.
60 of 228 steps (26%) done
Select jobs to execute...

[Wed Mar 13 08:49:55 2024]
rule blastp:
    input: ../blast_info/fasta_split_1000/batch_86.fasta
    output: ../blast_info/blastp_result/batch_86.csv
    jobid: 213
    reason: Missing output files: ../blast_info/blastp_result/batch_86.csv
    wildcards: sample=batch_86
    resources: tmpdir=/tmp


        echo ../blast_info/fasta_split_1000/batch_86.fasta
        blastp -query ../blast_info/fasta_split_1000/batch_86.fasta -db /mnt/blastdb_tmpfs/nr.blastdb/nr.blastdb -out ../blast_info/blastp_result/batch_86.csv -task blastp-fast -outfmt "10 qseqid stitle sseqid pident evalue" -max_target_seqs 10 -num_threads 250
        
[Wed Mar 13 09:15:59 2024]
Finished job 213.
61 of 228 steps (27%) done
Select jobs to execute...

[Wed Mar 13 09:15:59 2024]
rule blastp:
    input: ../blast_info/fasta_split_1000/batch_24.fasta
    output: ../blast_info/blastp_result/batch_24.csv
    jobid: 145
    reason: Missing output files: ../blast_info/blastp_result/batch_24.csv
    wildcards: sample=batch_24
    resources: tmpdir=/tmp


        echo ../blast_info/fasta_split_1000/batch_24.fasta
        blastp -query ../blast_info/fasta_split_1000/batch_24.fasta -db /mnt/blastdb_tmpfs/nr.blastdb/nr.blastdb -out ../blast_info/blastp_result/batch_24.csv -task blastp-fast -outfmt "10 qseqid stitle sseqid pident evalue" -max_target_seqs 10 -num_threads 250
        
[Wed Mar 13 09:42:11 2024]
Finished job 145.
62 of 228 steps (27%) done
Select jobs to execute...

[Wed Mar 13 09:42:11 2024]
rule blastp:
    input: ../blast_info/fasta_split_1000/batch_100.fasta
    output: ../blast_info/blastp_result/batch_100.csv
    jobid: 3
    reason: Missing output files: ../blast_info/blastp_result/batch_100.csv
    wildcards: sample=batch_100
    resources: tmpdir=/tmp


        echo ../blast_info/fasta_split_1000/batch_100.fasta
        blastp -query ../blast_info/fasta_split_1000/batch_100.fasta -db /mnt/blastdb_tmpfs/nr.blastdb/nr.blastdb -out ../blast_info/blastp_result/batch_100.csv -task blastp-fast -outfmt "10 qseqid stitle sseqid pident evalue" -max_target_seqs 10 -num_threads 250
        
