Building DAG of jobs...
Using shell: /usr/bin/bash
Provided cores: 1 (use --cores to define parallelism)
Rules claiming more threads will be scaled down.
Job stats:
job       count
------  -------
all           1
blastp      166
total       167

Select jobs to execute...

[Wed Mar 13 09:56:57 2024]
rule blastp:
    input: ../blast_info/fasta_split_1000/batch_123.fasta
    output: ../blast_info/blastp_result/batch_123.csv
    jobid: 28
    reason: Forced execution
    wildcards: sample=batch_123
    resources: tmpdir=/tmp


        echo ../blast_info/fasta_split_1000/batch_123.fasta
        blastp -query ../blast_info/fasta_split_1000/batch_123.fasta -db /mnt/blastdb_tmpfs/nr.blastdb/nr.blastdb -out ../blast_info/blastp_result/batch_123.csv -task blastp-fast -outfmt "10 qseqid stitle sseqid pident evalue" -max_target_seqs 10 -num_threads 250
        
Terminating processes on user request, this might take some time.
Cancelling snakemake on user request.
