Building DAG of jobs...
Using shell: /usr/bin/bash
Provided cores: 1 (use --cores to define parallelism)
Rules claiming more threads will be scaled down.
Job stats:
job       count
------  -------
all           1
blastp        1
total         2

Select jobs to execute...

[Tue Mar 12 04:13:38 2024]
rule blastp:
    input: ../blast_info/fasta_split_1000/batch_10.fasta
    output: ../blast_info/blastp_result/batch_10.csv
    jobid: 1
    reason: Missing output files: ../blast_info/blastp_result/batch_10.csv
    wildcards: sample=batch_10
    resources: tmpdir=/tmp


        echo ../blast_info/fasta_split_1000/batch_10.fasta
        blastp -query ../blast_info/fasta_split_1000/batch_10.fasta -db /mnt/blastdb_tmpfs/nr.blastdb/nr.blastdb -out ../blast_info/blastp_result/batch_10.csv -task blastp-fast -outfmt 10 qseqid stitle sseqid pident evalue -max_targer_seqs 10 -num_threads 250
        
[Tue Mar 12 04:13:38 2024]
Error in rule blastp:
    jobid: 1
    input: ../blast_info/fasta_split_1000/batch_10.fasta
    output: ../blast_info/blastp_result/batch_10.csv
    shell:
        
        echo ../blast_info/fasta_split_1000/batch_10.fasta
        blastp -query ../blast_info/fasta_split_1000/batch_10.fasta -db /mnt/blastdb_tmpfs/nr.blastdb/nr.blastdb -out ../blast_info/blastp_result/batch_10.csv -task blastp-fast -outfmt 10 qseqid stitle sseqid pident evalue -max_targer_seqs 10 -num_threads 250
        
        (one of the commands exited with non-zero exit code; note that snakemake uses bash strict mode!)

Shutting down, this might take some time.
Exiting because a job execution failed. Look above for error message
Complete log: .snakemake/log/2024-03-12T041338.229706.snakemake.log
